Using pre-set license
Built from '6000.0/staging' branch; Version is '6000.0.23f1 (1c4764c07fb4) revision 1853284'; Using compiler version '193933523'; Build Type 'Release'
OS: 'Windows 11  (10.0.22631) 64bit Professional' Language: 'en' Physical Memory: 14188 MB
BatchMode: 1, IsHumanControllingUs: 0, StartBugReporterOnCrash: 0, Is64bit: 1, IsPro: 1

COMMAND LINE ARGUMENTS:
C:\Program Files\Unity\Hub\Editor\6000.0.23f1\Editor\Unity.exe
-adb2
-batchMode
-noUpm
-name
AssetImportWorker2
-projectPath
D:/Proiect_Unity/2D-Shooting/2D Shooting
-logFile
Logs/AssetImportWorker2.log
-srvPort
63109
-job-worker-count
5
-background-job-worker-count
8
-asset-garbage-collectors
1
Successfully changed project path to: D:/Proiect_Unity/2D-Shooting/2D Shooting
D:/Proiect_Unity/2D-Shooting/2D Shooting
[UnityMemory] Configuration Parameters - Can be set up in boot.config
    "memorysetup-bucket-allocator-granularity=16"
    "memorysetup-bucket-allocator-bucket-count=8"
    "memorysetup-bucket-allocator-block-size=33554432"
    "memorysetup-bucket-allocator-block-count=8"
    "memorysetup-main-allocator-block-size=16777216"
    "memorysetup-thread-allocator-block-size=16777216"
    "memorysetup-gfx-main-allocator-block-size=16777216"
    "memorysetup-gfx-thread-allocator-block-size=16777216"
    "memorysetup-cache-allocator-block-size=4194304"
    "memorysetup-typetree-allocator-block-size=2097152"
    "memorysetup-profiler-bucket-allocator-granularity=16"
    "memorysetup-profiler-bucket-allocator-bucket-count=8"
    "memorysetup-profiler-bucket-allocator-block-size=33554432"
    "memorysetup-profiler-bucket-allocator-block-count=8"
    "memorysetup-profiler-allocator-block-size=16777216"
    "memorysetup-profiler-editor-allocator-block-size=1048576"
    "memorysetup-temp-allocator-size-main=16777216"
    "memorysetup-job-temp-allocator-block-size=2097152"
    "memorysetup-job-temp-allocator-block-size-background=1048576"
    "memorysetup-job-temp-allocator-reduction-small-platforms=262144"
    "memorysetup-allocator-temp-initial-block-size-main=262144"
    "memorysetup-allocator-temp-initial-block-size-worker=262144"
    "memorysetup-temp-allocator-size-background-worker=32768"
    "memorysetup-temp-allocator-size-job-worker=262144"
    "memorysetup-temp-allocator-size-preload-manager=33554432"
    "memorysetup-temp-allocator-size-nav-mesh-worker=65536"
    "memorysetup-temp-allocator-size-audio-worker=65536"
    "memorysetup-temp-allocator-size-cloud-worker=32768"
    "memorysetup-temp-allocator-size-gi-baking-worker=262144"
    "memorysetup-temp-allocator-size-gi-baking-worker=262144"
    "memorysetup-temp-allocator-size-gi-baking-worker=262144"
    "memorysetup-temp-allocator-size-gi-baking-worker=262144"
    "memorysetup-temp-allocator-size-gi-baking-worker=262144"
    "memorysetup-temp-allocator-size-gfx=262144"
Player connection [6568]  Target information:

Player connection [6568]  * "[IP] 192.168.1.131 [Port] 0 [Flags] 2 [Guid] 1981578530 [EditorId] 1981578530 [Version] 1048832 [Id] WindowsEditor(7,Marcos_PC) [Debug] 1 [PackageName] WindowsEditor [ProjectName] Editor" 

Player connection [6568] Host joined multi-casting on [225.0.0.222:54997]...
Player connection [6568] Host joined alternative multi-casting on [225.0.0.222:34997]...
JobSystem: Creating JobQueue using job-worker-count value 5
[Physics::Module] Initialized fallback backend.
[Physics::Module] Id: 0xdecafbad
Library Redirect Path: Library/
[Physics::Module] Selected backend.
[Physics::Module] Name: PhysX
[Physics::Module] Id: 0xf2b8ea05
[Physics::Module] SDK Version: 4.1.2
[Physics::Module] Integration Version: 1.0.0
[Physics::Module] Threading Mode: Multi-Threaded
Refreshing native plugins compatible for Editor in 3.70 ms, found 2 plugins.
Preloading 0 native plugins for Editor in 0.00 ms.
Initialize engine version: 6000.0.23f1 (1c4764c07fb4)
[Subsystems] Discovering subsystems at path C:/Program Files/Unity/Hub/Editor/6000.0.23f1/Editor/Data/Resources/UnitySubsystems
[Subsystems] Discovering subsystems at path D:/Proiect_Unity/2D-Shooting/2D Shooting/Assets
GfxDevice: creating device client; kGfxThreadingModeNonThreaded
Direct3D:
    Version:  Direct3D 11.0 [level 11.1]
    Renderer: NVIDIA GeForce GTX 1650 (ID=0x1f9d)
    Vendor:   NVIDIA
    VRAM:     3938 MB
    Driver:   32.0.15.6614
Initialize mono
Mono path[0] = 'C:/Program Files/Unity/Hub/Editor/6000.0.23f1/Editor/Data/Managed'
Mono path[1] = 'C:/Program Files/Unity/Hub/Editor/6000.0.23f1/Editor/Data/MonoBleedingEdge/lib/mono/unityjit-win32'
Mono config path = 'C:/Program Files/Unity/Hub/Editor/6000.0.23f1/Editor/Data/MonoBleedingEdge/etc'
Using monoOptions --debugger-agent=transport=dt_socket,embedding=1,server=y,suspend=n,address=127.0.0.1:56680
Begin MonoManager ReloadAssembly
Registering precompiled unity dll's ...
Register platform support module: C:/Program Files/Unity/Hub/Editor/6000.0.23f1/Editor/Data/PlaybackEngines/WebGLSupport/UnityEditor.WebGL.Extensions.dll
Register platform support module: C:/Program Files/Unity/Hub/Editor/6000.0.23f1/Editor/Data/PlaybackEngines/WindowsStandaloneSupport/UnityEditor.WindowsStandalone.Extensions.dll
Registered in 0.004008 seconds.
- Loaded All Assemblies, in  0.507 seconds
Native extension for WindowsStandalone target not found
Native extension for WebGL target not found
Mono: successfully reloaded assembly
- Finished resetting the current domain, in  0.341 seconds
Domain Reload Profiling: 846ms
	BeginReloadAssembly (191ms)
		ExecutionOrderSort (0ms)
		DisableScriptedObjects (0ms)
		BackupInstance (0ms)
		ReleaseScriptingObjects (0ms)
		CreateAndSetChildDomain (1ms)
	RebuildCommonClasses (56ms)
	RebuildNativeTypeToScriptingClass (14ms)
	initialDomainReloadingComplete (70ms)
	LoadAllAssembliesAndSetupDomain (174ms)
		LoadAssemblies (190ms)
		RebuildTransferFunctionScriptingTraits (0ms)
		AnalyzeDomain (169ms)
			TypeCache.Refresh (167ms)
				TypeCache.ScanAssembly (150ms)
			BuildScriptInfoCaches (0ms)
			ResolveRequiredComponents (1ms)
	FinalizeReload (341ms)
		ReleaseScriptCaches (0ms)
		RebuildScriptCaches (0ms)
		SetupLoadedEditorAssemblies (299ms)
			LogAssemblyErrors (0ms)
			InitializePlatformSupportModulesInManaged (27ms)
			SetLoadedEditorAssemblies (4ms)
			BeforeProcessingInitializeOnLoad (6ms)
			ProcessInitializeOnLoadAttributes (195ms)
			ProcessInitializeOnLoadMethodAttributes (63ms)
			AfterProcessingInitializeOnLoad (3ms)
			EditorAssembliesLoaded (0ms)
		ExecutionOrderSort2 (0ms)
		AwakeInstancesAfterBackupRestoration (0ms)
========================================================================
Worker process is ready to serve import requests
Import Worker Mode flag is 0x00
Begin MonoManager ReloadAssembly
Symbol file LoadedFromMemory is not a mono symbol file
- Loaded All Assemblies, in  0.842 seconds
Refreshing native plugins compatible for Editor in 2.74 ms, found 2 plugins.
Native extension for WindowsStandalone target not found
Native extension for WebGL target not found
Refreshing native plugins compatible for Editor in 3.49 ms, found 2 plugins.
Mono: successfully reloaded assembly
- Finished resetting the current domain, in  0.976 seconds
Domain Reload Profiling: 1817ms
	BeginReloadAssembly (414ms)
		ExecutionOrderSort (0ms)
		DisableScriptedObjects (6ms)
		BackupInstance (0ms)
		ReleaseScriptingObjects (0ms)
		CreateAndSetChildDomain (31ms)
	RebuildCommonClasses (32ms)
	RebuildNativeTypeToScriptingClass (11ms)
	initialDomainReloadingComplete (33ms)
	LoadAllAssembliesAndSetupDomain (350ms)
		LoadAssemblies (293ms)
		RebuildTransferFunctionScriptingTraits (0ms)
		AnalyzeDomain (150ms)
			TypeCache.Refresh (112ms)
				TypeCache.ScanAssembly (96ms)
			BuildScriptInfoCaches (33ms)
			ResolveRequiredComponents (3ms)
	FinalizeReload (977ms)
		ReleaseScriptCaches (0ms)
		RebuildScriptCaches (0ms)
		SetupLoadedEditorAssemblies (764ms)
			LogAssemblyErrors (0ms)
			InitializePlatformSupportModulesInManaged (3ms)
			SetLoadedEditorAssemblies (5ms)
			BeforeProcessingInitializeOnLoad (39ms)
			ProcessInitializeOnLoadAttributes (558ms)
			ProcessInitializeOnLoadMethodAttributes (151ms)
			AfterProcessingInitializeOnLoad (7ms)
			EditorAssembliesLoaded (0ms)
		ExecutionOrderSort2 (0ms)
		AwakeInstancesAfterBackupRestoration (6ms)
Launched and connected shader compiler UnityShaderCompiler.exe after 0.02 seconds
Refreshing native plugins compatible for Editor in 3.99 ms, found 2 plugins.
Preloading 0 native plugins for Editor in 0.00 ms.
Unloading 10 Unused Serialized files (Serialized files now loaded: 0)
Unloading 2869 unused Assets / (0.9 MB). Loaded Objects now: 3430.
Memory consumption went from 106.0 MB to 105.1 MB.
Total: 12.585900 ms (FindLiveObjects: 0.337200 ms CreateObjectMapping: 0.155000 ms MarkObjects: 11.101100 ms  DeleteObjects: 0.990800 ms)

========================================================================
Received Import Request.
  Time since last request: 503583.081074 seconds.
  path: Assets/Warped Caves/Artwork
  artifactKey: Guid(b938a8bf4e83049c399e141cb70dbeb4) Importer(815301076,1909f56bfc062723c751e8b465ee728b)
Start importing Assets/Warped Caves/Artwork using Guid(b938a8bf4e83049c399e141cb70dbeb4) Importer(815301076,1909f56bfc062723c751e8b465ee728b) (PreviewImporter) -> (artifact id: '549befdf19aab3bd48cd237f3b78d6b3') in 0.0059814 seconds
Number of updated asset objects reloaded before import = 0Number of asset objects unloaded after import = 0

========================================================================
Received Import Request.
  Time since last request: 5.390628 seconds.
  path: Assets/Warped Caves/Artwork/Environment
  artifactKey: Guid(4b099c21c511f493491727b683580a95) Importer(815301076,1909f56bfc062723c751e8b465ee728b)
Start importing Assets/Warped Caves/Artwork/Environment using Guid(4b099c21c511f493491727b683580a95) Importer(815301076,1909f56bfc062723c751e8b465ee728b) (PreviewImporter) -> (artifact id: 'e6995f4b0f8a166cb9181a5d482db6ab') in 0.0005762 seconds
Number of updated asset objects reloaded before import = 0Number of asset objects unloaded after import = 0

========================================================================
Received Import Request.
  Time since last request: 0.081278 seconds.
  path: Assets/Warped Caves/Artwork/Environment/background.png
  artifactKey: Guid(20d00314efef34b5f8d3b0d3f4353b19) Importer(815301076,1909f56bfc062723c751e8b465ee728b)
Start importing Assets/Warped Caves/Artwork/Environment/background.png using Guid(20d00314efef34b5f8d3b0d3f4353b19) Importer(815301076,1909f56bfc062723c751e8b465ee728b) (PreviewImporter) -> (artifact id: '9ee107d8af0492748c7688bdc9f03f4c') in 0.0911501 seconds
Number of updated asset objects reloaded before import = 0Number of asset objects unloaded after import = 3

========================================================================
Received Import Request.
  Time since last request: 0.000031 seconds.
  path: Assets/Warped Caves/Artwork/Environment/walls-tileset.png
  artifactKey: Guid(7becc0b79e39340f2b9e112d4636484b) Importer(815301076,1909f56bfc062723c751e8b465ee728b)
Start importing Assets/Warped Caves/Artwork/Environment/walls-tileset.png using Guid(7becc0b79e39340f2b9e112d4636484b) Importer(815301076,1909f56bfc062723c751e8b465ee728b) (PreviewImporter) -> (artifact id: 'ae4c979b2d3057ff7622ca1a96531823') in 0.0237906 seconds
Number of updated asset objects reloaded before import = 0Number of asset objects unloaded after import = 3

========================================================================
Received Import Request.
  Time since last request: 21.860493 seconds.
  path: Assets/Warped Caves/Artwork/Sprites/enemies/crab-idle/crab-idle-1.png
  artifactKey: Guid(92dc5fd35ad07452cbb4501123046b43) Importer(815301076,1909f56bfc062723c751e8b465ee728b)
Start importing Assets/Warped Caves/Artwork/Sprites/enemies/crab-idle/crab-idle-1.png using Guid(92dc5fd35ad07452cbb4501123046b43) Importer(815301076,1909f56bfc062723c751e8b465ee728b) (PreviewImporter) -> (artifact id: 'fe6e300962ae0fba39eb0e09d5b6c81c') in 0.0259701 seconds
Number of updated asset objects reloaded before import = 0Number of asset objects unloaded after import = 3

========================================================================
Received Import Request.
  Time since last request: 0.833389 seconds.
  path: Assets/Warped Caves/Artwork/Sprites/enemies/crab-walk/crab-walk-1.png
  artifactKey: Guid(19fc4ff85394f44dc9614c956cd2ce12) Importer(815301076,1909f56bfc062723c751e8b465ee728b)
Start importing Assets/Warped Caves/Artwork/Sprites/enemies/crab-walk/crab-walk-1.png using Guid(19fc4ff85394f44dc9614c956cd2ce12) Importer(815301076,1909f56bfc062723c751e8b465ee728b) (PreviewImporter) -> (artifact id: '01b87c889205dc4bcb5cb93747e25a97') in 0.0262253 seconds
Number of updated asset objects reloaded before import = 0Number of asset objects unloaded after import = 3

========================================================================
Received Import Request.
  Time since last request: 0.592708 seconds.
  path: Assets/Warped Caves/Artwork/Sprites/enemies/jumper-idle/jumper-idle-1.png
  artifactKey: Guid(2f933e65ab55a416590f7d39ec8a800d) Importer(815301076,1909f56bfc062723c751e8b465ee728b)
Start importing Assets/Warped Caves/Artwork/Sprites/enemies/jumper-idle/jumper-idle-1.png using Guid(2f933e65ab55a416590f7d39ec8a800d) Importer(815301076,1909f56bfc062723c751e8b465ee728b) (PreviewImporter) -> (artifact id: '2bb536ec356b3bfb7b1f8794fba5ca47') in 0.0243614 seconds
Number of updated asset objects reloaded before import = 0Number of asset objects unloaded after import = 3

========================================================================
Received Import Request.
  Time since last request: 0.000044 seconds.
  path: Assets/Warped Caves/Artwork/Sprites/enemies/jumper-idle/jumper-idle-4.png
  artifactKey: Guid(433af8dc25b274317a83915e319e95f8) Importer(815301076,1909f56bfc062723c751e8b465ee728b)
Start importing Assets/Warped Caves/Artwork/Sprites/enemies/jumper-idle/jumper-idle-4.png using Guid(433af8dc25b274317a83915e319e95f8) Importer(815301076,1909f56bfc062723c751e8b465ee728b) (PreviewImporter) -> (artifact id: 'e9e3baf15937917d8c301dda57da489f') in 0.0066683 seconds
Number of updated asset objects reloaded before import = 0Number of asset objects unloaded after import = 3

========================================================================
Received Import Request.
  Time since last request: 0.572672 seconds.
  path: Assets/Warped Caves/Artwork/Sprites/enemies/jumper-jump/jumper-jump.png
  artifactKey: Guid(f122e0863fe7e47099afd0b40ef015d5) Importer(815301076,1909f56bfc062723c751e8b465ee728b)
Start importing Assets/Warped Caves/Artwork/Sprites/enemies/jumper-jump/jumper-jump.png using Guid(f122e0863fe7e47099afd0b40ef015d5) Importer(815301076,1909f56bfc062723c751e8b465ee728b) (PreviewImporter) -> (artifact id: 'c8e18b88dfe0c0585092717abcb8920c') in 0.0140521 seconds
Number of updated asset objects reloaded before import = 0Number of asset objects unloaded after import = 3

========================================================================
Received Import Request.
  Time since last request: 0.900008 seconds.
  path: Assets/Warped Caves/Artwork/Sprites/enemies/octopus/octopus-1.png
  artifactKey: Guid(666c7c980071042078b367ca20e72f46) Importer(815301076,1909f56bfc062723c751e8b465ee728b)
Start importing Assets/Warped Caves/Artwork/Sprites/enemies/octopus/octopus-1.png using Guid(666c7c980071042078b367ca20e72f46) Importer(815301076,1909f56bfc062723c751e8b465ee728b) (PreviewImporter) -> (artifact id: '8b91c8e16cbb27c109d4e4d5fa7f26d3') in 0.021053 seconds
Number of updated asset objects reloaded before import = 0Number of asset objects unloaded after import = 3

========================================================================
Received Import Request.
  Time since last request: 0.000022 seconds.
  path: Assets/Warped Caves/Artwork/Sprites/enemies/octopus/octopus-4.png
  artifactKey: Guid(9deca65eff5514be99809c3250fcbcfd) Importer(815301076,1909f56bfc062723c751e8b465ee728b)
Start importing Assets/Warped Caves/Artwork/Sprites/enemies/octopus/octopus-4.png using Guid(9deca65eff5514be99809c3250fcbcfd) Importer(815301076,1909f56bfc062723c751e8b465ee728b) (PreviewImporter) -> (artifact id: '0301624659c04f22e93b6b5357b61324') in 0.0192783 seconds
Number of updated asset objects reloaded before import = 0Number of asset objects unloaded after import = 3

========================================================================
Received Import Request.
  Time since last request: 5.907741 seconds.
  path: Assets/Warped Caves/Artwork/Sprites/player/player-duck/player-duck.png
  artifactKey: Guid(037f4355400544ba2b7a278f7017ca2f) Importer(815301076,1909f56bfc062723c751e8b465ee728b)
Start importing Assets/Warped Caves/Artwork/Sprites/player/player-duck/player-duck.png using Guid(037f4355400544ba2b7a278f7017ca2f) Importer(815301076,1909f56bfc062723c751e8b465ee728b) (PreviewImporter) -> (artifact id: '0cdf48bd91e456e1fa78b0f4ecb2eae0') in 0.0203616 seconds
Number of updated asset objects reloaded before import = 0Number of asset objects unloaded after import = 3

========================================================================
Received Import Request.
  Time since last request: 0.760010 seconds.
  path: Assets/Warped Caves/Artwork/Sprites/player/player-cling/player-cling.png
  artifactKey: Guid(01c74af445a534c5b8bf530fc3d0de1b) Importer(815301076,1909f56bfc062723c751e8b465ee728b)
Start importing Assets/Warped Caves/Artwork/Sprites/player/player-cling/player-cling.png using Guid(01c74af445a534c5b8bf530fc3d0de1b) Importer(815301076,1909f56bfc062723c751e8b465ee728b) (PreviewImporter) -> (artifact id: 'e8e0e3a4c9939b13a16d1fe31d8384c9') in 0.0198791 seconds
Number of updated asset objects reloaded before import = 0Number of asset objects unloaded after import = 3

========================================================================
Received Import Request.
  Time since last request: 2.154925 seconds.
  path: Assets/Warped Caves/Artwork/Sprites/player/player-hurt/player-hurt-1.png
  artifactKey: Guid(41ea03351725e4179bd9c76ebf4488cd) Importer(815301076,1909f56bfc062723c751e8b465ee728b)
Start importing Assets/Warped Caves/Artwork/Sprites/player/player-hurt/player-hurt-1.png using Guid(41ea03351725e4179bd9c76ebf4488cd) Importer(815301076,1909f56bfc062723c751e8b465ee728b) (PreviewImporter) -> (artifact id: '012294c4c57962b8a083fdcaa7733b32') in 0.0197024 seconds
Number of updated asset objects reloaded before import = 0Number of asset objects unloaded after import = 3

========================================================================
Received Import Request.
  Time since last request: 0.713229 seconds.
  path: Assets/Warped Caves/Artwork/Sprites/player/player-idle/player-idle-1.png
  artifactKey: Guid(c2c08c932c2054a0da13bc4dd9db298d) Importer(815301076,1909f56bfc062723c751e8b465ee728b)
Start importing Assets/Warped Caves/Artwork/Sprites/player/player-idle/player-idle-1.png using Guid(c2c08c932c2054a0da13bc4dd9db298d) Importer(815301076,1909f56bfc062723c751e8b465ee728b) (PreviewImporter) -> (artifact id: '20bc1dc1426f842dabdfaf143f8bea83') in 0.0170776 seconds
Number of updated asset objects reloaded before import = 0Number of asset objects unloaded after import = 3

========================================================================
Received Import Request.
  Time since last request: 0.000046 seconds.
  path: Assets/Warped Caves/Artwork/Sprites/player/player-idle/player-idle-4.png
  artifactKey: Guid(8c2d576730d854e2c88dc5fb039176b2) Importer(815301076,1909f56bfc062723c751e8b465ee728b)
Start importing Assets/Warped Caves/Artwork/Sprites/player/player-idle/player-idle-4.png using Guid(8c2d576730d854e2c88dc5fb039176b2) Importer(815301076,1909f56bfc062723c751e8b465ee728b) (PreviewImporter) -> (artifact id: '741778be52f5fac198440f9e2a83ac13') in 0.0114464 seconds
Number of updated asset objects reloaded before import = 0Number of asset objects unloaded after import = 3

========================================================================
Received Import Request.
  Time since last request: 1.177867 seconds.
  path: Assets/Warped Caves/Artwork/Sprites/player/player-jump/player-jump-1.png
  artifactKey: Guid(0e29aedd0b9e343acba7cdd247eb8207) Importer(815301076,1909f56bfc062723c751e8b465ee728b)
Start importing Assets/Warped Caves/Artwork/Sprites/player/player-jump/player-jump-1.png using Guid(0e29aedd0b9e343acba7cdd247eb8207) Importer(815301076,1909f56bfc062723c751e8b465ee728b) (PreviewImporter) -> (artifact id: 'cf9f782cbfdab4ae43e444e95df0b668') in 0.027667 seconds
Number of updated asset objects reloaded before import = 0Number of asset objects unloaded after import = 3

========================================================================
Received Import Request.
  Time since last request: 0.000020 seconds.
  path: Assets/Warped Caves/Artwork/Sprites/player/player-jump/player-jump-4.png
  artifactKey: Guid(ad83644368491474282314cfcffc471c) Importer(815301076,1909f56bfc062723c751e8b465ee728b)
Start importing Assets/Warped Caves/Artwork/Sprites/player/player-jump/player-jump-4.png using Guid(ad83644368491474282314cfcffc471c) Importer(815301076,1909f56bfc062723c751e8b465ee728b) (PreviewImporter) -> (artifact id: '96ec65a6aeee0eb82a4cf813b013bfd8') in 0.0195152 seconds
Number of updated asset objects reloaded before import = 0Number of asset objects unloaded after import = 3

========================================================================
Received Import Request.
  Time since last request: 0.557797 seconds.
  path: Assets/Warped Caves/Artwork/Sprites/player/player-run/player-run-1.png
  artifactKey: Guid(2109e8f1bd0074351809bf182a9be8c7) Importer(815301076,1909f56bfc062723c751e8b465ee728b)
Start importing Assets/Warped Caves/Artwork/Sprites/player/player-run/player-run-1.png using Guid(2109e8f1bd0074351809bf182a9be8c7) Importer(815301076,1909f56bfc062723c751e8b465ee728b) (PreviewImporter) -> (artifact id: 'e6758b39a897997d6a9de59d67922ff1') in 0.0181433 seconds
Number of updated asset objects reloaded before import = 0Number of asset objects unloaded after import = 3

========================================================================
Received Import Request.
  Time since last request: 0.000025 seconds.
  path: Assets/Warped Caves/Artwork/Sprites/player/player-run/player-run-6.png
  artifactKey: Guid(3d8a9c6df455a44fdbf025c92771f772) Importer(815301076,1909f56bfc062723c751e8b465ee728b)
Start importing Assets/Warped Caves/Artwork/Sprites/player/player-run/player-run-6.png using Guid(3d8a9c6df455a44fdbf025c92771f772) Importer(815301076,1909f56bfc062723c751e8b465ee728b) (PreviewImporter) -> (artifact id: '1696b8b62d8f45d4d48e4ac7e9c30efc') in 0.0267591 seconds
Number of updated asset objects reloaded before import = 0Number of asset objects unloaded after import = 3

========================================================================
Received Import Request.
  Time since last request: 0.000021 seconds.
  path: Assets/Warped Caves/Artwork/Sprites/player/player-run/player-run-4.png
  artifactKey: Guid(f0dbd4412a30d4b4f9600c7eceac4b00) Importer(815301076,1909f56bfc062723c751e8b465ee728b)
Start importing Assets/Warped Caves/Artwork/Sprites/player/player-run/player-run-4.png using Guid(f0dbd4412a30d4b4f9600c7eceac4b00) Importer(815301076,1909f56bfc062723c751e8b465ee728b) (PreviewImporter) -> (artifact id: '60d8980c41922f05788f4c10c626a173') in 0.0201429 seconds
Number of updated asset objects reloaded before import = 0Number of asset objects unloaded after import = 3

========================================================================
Received Import Request.
  Time since last request: 0.000028 seconds.
  path: Assets/Warped Caves/Artwork/Sprites/player/player-run/player-run-9.png
  artifactKey: Guid(06b3f0daa00894c0f8ac73dc16fff014) Importer(815301076,1909f56bfc062723c751e8b465ee728b)
Start importing Assets/Warped Caves/Artwork/Sprites/player/player-run/player-run-9.png using Guid(06b3f0daa00894c0f8ac73dc16fff014) Importer(815301076,1909f56bfc062723c751e8b465ee728b) (PreviewImporter) -> (artifact id: 'f4a27a7df31d1e1b6f4ac3f61a2d2621') in 0.0182286 seconds
Number of updated asset objects reloaded before import = 0Number of asset objects unloaded after import = 3

========================================================================
Received Import Request.
  Time since last request: 7.008782 seconds.
  path: Packages/com.unity.2d.sprite/package.json
  artifactKey: Guid(7dc5f1e5d04ac8549ac21802071e983b) Importer(815301076,1909f56bfc062723c751e8b465ee728b)
Start importing Packages/com.unity.2d.sprite/package.json using Guid(7dc5f1e5d04ac8549ac21802071e983b) Importer(815301076,1909f56bfc062723c751e8b465ee728b) (PreviewImporter) -> (artifact id: '27e5a188a332773dcafdb67b594cb440') in 0.0011821 seconds
Number of updated asset objects reloaded before import = 0Number of asset objects unloaded after import = 1

========================================================================
Received Import Request.
  Time since last request: 1.079926 seconds.
  path: Packages/com.unity.2d.sprite/Editor
  artifactKey: Guid(16fa2ad734f422245b86558310973ad1) Importer(815301076,1909f56bfc062723c751e8b465ee728b)
Start importing Packages/com.unity.2d.sprite/Editor using Guid(16fa2ad734f422245b86558310973ad1) Importer(815301076,1909f56bfc062723c751e8b465ee728b) (PreviewImporter) -> (artifact id: '2759d3c0e122ad71eb975ec1ce18467b') in 0.0004885 seconds
Number of updated asset objects reloaded before import = 0Number of asset objects unloaded after import = 0

========================================================================
Received Import Request.
  Time since last request: 0.713459 seconds.
  path: Packages/com.unity.2d.sprite/Tests
  artifactKey: Guid(7e2656e167a517b4d8552ba38f4b7bbe) Importer(815301076,1909f56bfc062723c751e8b465ee728b)
Start importing Packages/com.unity.2d.sprite/Tests using Guid(7e2656e167a517b4d8552ba38f4b7bbe) Importer(815301076,1909f56bfc062723c751e8b465ee728b) (PreviewImporter) -> (artifact id: 'b357efc993faf000110bb15225bf6faf') in 0.0006882 seconds
Number of updated asset objects reloaded before import = 0Number of asset objects unloaded after import = 0

========================================================================
Received Import Request.
  Time since last request: 0.732403 seconds.
  path: Packages/com.unity.2d.sprite/Tests/Editor
  artifactKey: Guid(dcc63292bf8cfd543b11bfdebe99cd02) Importer(815301076,1909f56bfc062723c751e8b465ee728b)
Start importing Packages/com.unity.2d.sprite/Tests/Editor using Guid(dcc63292bf8cfd543b11bfdebe99cd02) Importer(815301076,1909f56bfc062723c751e8b465ee728b) (PreviewImporter) -> (artifact id: 'b3e2ea100b04ba32cc875212eccdb676') in 0.0005262 seconds
Number of updated asset objects reloaded before import = 0Number of asset objects unloaded after import = 0

========================================================================
Received Import Request.
  Time since last request: 0.083108 seconds.
  path: Packages/com.unity.2d.sprite/Tests/Editor/Unity.2D.Sprite.Package.EditorTests.asmdef
  artifactKey: Guid(52648b72c7bef2040bf0cfa8dd0f74da) Importer(815301076,1909f56bfc062723c751e8b465ee728b)
Start importing Packages/com.unity.2d.sprite/Tests/Editor/Unity.2D.Sprite.Package.EditorTests.asmdef using Guid(52648b72c7bef2040bf0cfa8dd0f74da) Importer(815301076,1909f56bfc062723c751e8b465ee728b) (PreviewImporter) -> (artifact id: '276ebce5062bc75119b94831c281184f') in 0.0005355 seconds
Number of updated asset objects reloaded before import = 0Number of asset objects unloaded after import = 0

========================================================================
Received Import Request.
  Time since last request: 2.126285 seconds.
  path: Packages/com.unity.2d.sprite/Editor/Unity.2D.Sprite.Editor.asmdef
  artifactKey: Guid(2c573e6b271651846a79655161004c5b) Importer(815301076,1909f56bfc062723c751e8b465ee728b)
Start importing Packages/com.unity.2d.sprite/Editor/Unity.2D.Sprite.Editor.asmdef using Guid(2c573e6b271651846a79655161004c5b) Importer(815301076,1909f56bfc062723c751e8b465ee728b) (PreviewImporter) -> (artifact id: '936ef4f2c570a9b91796c17d6a1d25bc') in 0.0006248 seconds
Number of updated asset objects reloaded before import = 0Number of asset objects unloaded after import = 0

========================================================================
Received Import Request.
  Time since last request: 0.626858 seconds.
  path: Packages/com.unity.2d.sprite/Editor/Assets
  artifactKey: Guid(20c685e07fa93400e9c30b0326f57bfd) Importer(815301076,1909f56bfc062723c751e8b465ee728b)
Start importing Packages/com.unity.2d.sprite/Editor/Assets using Guid(20c685e07fa93400e9c30b0326f57bfd) Importer(815301076,1909f56bfc062723c751e8b465ee728b) (PreviewImporter) -> (artifact id: 'ac22cf5cac55a9ff7fe1d369c7846c9c') in 0.0004761 seconds
Number of updated asset objects reloaded before import = 0Number of asset objects unloaded after import = 0

========================================================================
Received Import Request.
  Time since last request: 0.057195 seconds.
  path: Packages/com.unity.2d.sprite/Editor/Assets/d_SpriteEditor.png
  artifactKey: Guid(b7784190913354d4fb9b7f77888f915f) Importer(815301076,1909f56bfc062723c751e8b465ee728b)
Start importing Packages/com.unity.2d.sprite/Editor/Assets/d_SpriteEditor.png using Guid(b7784190913354d4fb9b7f77888f915f) Importer(815301076,1909f56bfc062723c751e8b465ee728b) (PreviewImporter) -> (artifact id: '815ea18072bc8ba8f0ad1110b3370ffb') in 0.0133401 seconds
Number of updated asset objects reloaded before import = 0Number of asset objects unloaded after import = 2

========================================================================
Received Import Request.
  Time since last request: 0.000019 seconds.
  path: Packages/com.unity.2d.sprite/Editor/Assets/SpriteEditorOn.png
  artifactKey: Guid(476369828d55a4032beead7444495b69) Importer(815301076,1909f56bfc062723c751e8b465ee728b)
Start importing Packages/com.unity.2d.sprite/Editor/Assets/SpriteEditorOn.png using Guid(476369828d55a4032beead7444495b69) Importer(815301076,1909f56bfc062723c751e8b465ee728b) (PreviewImporter) -> (artifact id: 'a0d3b3e82fcf1afe8e16b76f27094795') in 0.0155388 seconds
Number of updated asset objects reloaded before import = 0Number of asset objects unloaded after import = 2

========================================================================
Received Import Request.
  Time since last request: 3.475529 seconds.
  path: Assets/Prefabs/Bullet.prefab
  artifactKey: Guid(96ae8f9dd8fd89941bc4d858375f035b) Importer(815301076,1909f56bfc062723c751e8b465ee728b)
Start importing Assets/Prefabs/Bullet.prefab using Guid(96ae8f9dd8fd89941bc4d858375f035b) Importer(815301076,1909f56bfc062723c751e8b465ee728b) (PreviewImporter) -> (artifact id: '5b4f11d6138241a2fcd9f756f5544bc6') in 0.0467791 seconds
Number of updated asset objects reloaded before import = 0Number of asset objects unloaded after import = 27

========================================================================
Received Prepare
Begin MonoManager ReloadAssembly
Symbol file LoadedFromMemory is not a mono symbol file
- Loaded All Assemblies, in  0.678 seconds
Refreshing native plugins compatible for Editor in 4.24 ms, found 2 plugins.
Native extension for WindowsStandalone target not found
Native extension for WebGL target not found
Mono: successfully reloaded assembly
- Finished resetting the current domain, in  1.619 seconds
Domain Reload Profiling: 2298ms
	BeginReloadAssembly (236ms)
		ExecutionOrderSort (0ms)
		DisableScriptedObjects (7ms)
		BackupInstance (0ms)
		ReleaseScriptingObjects (0ms)
		CreateAndSetChildDomain (59ms)
	RebuildCommonClasses (38ms)
	RebuildNativeTypeToScriptingClass (20ms)
	initialDomainReloadingComplete (31ms)
	LoadAllAssembliesAndSetupDomain (353ms)
		LoadAssemblies (375ms)
		RebuildTransferFunctionScriptingTraits (0ms)
		AnalyzeDomain (111ms)
			TypeCache.Refresh (6ms)
				TypeCache.ScanAssembly (0ms)
			BuildScriptInfoCaches (99ms)
			ResolveRequiredComponents (3ms)
	FinalizeReload (1620ms)
		ReleaseScriptCaches (0ms)
		RebuildScriptCaches (0ms)
		SetupLoadedEditorAssemblies (1187ms)
			LogAssemblyErrors (0ms)
			InitializePlatformSupportModulesInManaged (5ms)
			SetLoadedEditorAssemblies (7ms)
			BeforeProcessingInitializeOnLoad (73ms)
			ProcessInitializeOnLoadAttributes (829ms)
			ProcessInitializeOnLoadMethodAttributes (258ms)
			AfterProcessingInitializeOnLoad (13ms)
			EditorAssembliesLoaded (1ms)
		ExecutionOrderSort2 (0ms)
		AwakeInstancesAfterBackupRestoration (11ms)
Refreshing native plugins compatible for Editor in 4.17 ms, found 2 plugins.
Preloading 0 native plugins for Editor in 0.00 ms.
Unloading 1 Unused Serialized files (Serialized files now loaded: 0)
Unloading 2867 unused Assets / (0.9 MB). Loaded Objects now: 3456.
Memory consumption went from 104.0 MB to 103.1 MB.
Total: 21.168900 ms (FindLiveObjects: 0.479600 ms CreateObjectMapping: 0.231600 ms MarkObjects: 18.942800 ms  DeleteObjects: 1.513100 ms)

Prepare: number of updated asset objects reloaded= 0
========================================================================
Received Import Request.
  Time since last request: 47.801566 seconds.
  path: Assets/Warped Caves/Artwork/Sprites/player/player-stand/player-stand-1.png
  artifactKey: Guid(2a5c2f3ca4ae14e7e91149316db1e054) Importer(815301076,1909f56bfc062723c751e8b465ee728b)
Start importing Assets/Warped Caves/Artwork/Sprites/player/player-stand/player-stand-1.png using Guid(2a5c2f3ca4ae14e7e91149316db1e054) Importer(815301076,1909f56bfc062723c751e8b465ee728b) (PreviewImporter) -> (artifact id: '139611727cd63b70239f32de45b3a48b') in 0.0863686 seconds
Number of updated asset objects reloaded before import = 0Number of asset objects unloaded after import = 3

========================================================================
Received Prepare
Begin MonoManager ReloadAssembly
Symbol file LoadedFromMemory is not a mono symbol file
- Loaded All Assemblies, in  0.670 seconds
Refreshing native plugins compatible for Editor in 5.19 ms, found 2 plugins.
Native extension for WindowsStandalone target not found
Native extension for WebGL target not found
Mono: successfully reloaded assembly
- Finished resetting the current domain, in  1.495 seconds
Domain Reload Profiling: 2165ms
	BeginReloadAssembly (248ms)
		ExecutionOrderSort (0ms)
		DisableScriptedObjects (6ms)
		BackupInstance (0ms)
		ReleaseScriptingObjects (0ms)
		CreateAndSetChildDomain (66ms)
	RebuildCommonClasses (37ms)
	RebuildNativeTypeToScriptingClass (12ms)
	initialDomainReloadingComplete (35ms)
	LoadAllAssembliesAndSetupDomain (337ms)
		LoadAssemblies (364ms)
		RebuildTransferFunctionScriptingTraits (0ms)
		AnalyzeDomain (111ms)
			TypeCache.Refresh (7ms)
				TypeCache.ScanAssembly (0ms)
			BuildScriptInfoCaches (97ms)
			ResolveRequiredComponents (5ms)
	FinalizeReload (1496ms)
		ReleaseScriptCaches (0ms)
		RebuildScriptCaches (0ms)
		SetupLoadedEditorAssemblies (1151ms)
			LogAssemblyErrors (0ms)
			InitializePlatformSupportModulesInManaged (4ms)
			SetLoadedEditorAssemblies (6ms)
			BeforeProcessingInitializeOnLoad (68ms)
			ProcessInitializeOnLoadAttributes (746ms)
			ProcessInitializeOnLoadMethodAttributes (315ms)
			AfterProcessingInitializeOnLoad (12ms)
			EditorAssembliesLoaded (0ms)
		ExecutionOrderSort2 (0ms)
		AwakeInstancesAfterBackupRestoration (10ms)
Refreshing native plugins compatible for Editor in 4.94 ms, found 2 plugins.
Preloading 0 native plugins for Editor in 0.00 ms.
Unloading 1 Unused Serialized files (Serialized files now loaded: 0)
Unloading 2867 unused Assets / (0.8 MB). Loaded Objects now: 3456.
Memory consumption went from 104.0 MB to 103.2 MB.
Total: 17.590300 ms (FindLiveObjects: 0.719300 ms CreateObjectMapping: 0.780600 ms MarkObjects: 15.125600 ms  DeleteObjects: 0.962800 ms)

Prepare: number of updated asset objects reloaded= 0
========================================================================
Received Import Request.
  Time since last request: 664.792540 seconds.
  path: Assets/Scripts/CharacterController2D.cs
  artifactKey: Guid(d08f91df3bd212f429df17f53ce2f364) Importer(815301076,1909f56bfc062723c751e8b465ee728b)
Start importing Assets/Scripts/CharacterController2D.cs using Guid(d08f91df3bd212f429df17f53ce2f364) Importer(815301076,1909f56bfc062723c751e8b465ee728b) (PreviewImporter) -> (artifact id: '26e6289e43a1747ec4033d3acf7bdd63') in 0.002177 seconds
Number of updated asset objects reloaded before import = 0Number of asset objects unloaded after import = 0

========================================================================
Received Import Request.
  Time since last request: 11.939273 seconds.
  path: Assets/Scripts/Enemy.cs
  artifactKey: Guid(ae776ef7fb190534dbfbb90484a1a9db) Importer(815301076,1909f56bfc062723c751e8b465ee728b)
Start importing Assets/Scripts/Enemy.cs using Guid(ae776ef7fb190534dbfbb90484a1a9db) Importer(815301076,1909f56bfc062723c751e8b465ee728b) (PreviewImporter) -> (artifact id: 'f162af7bc34f1e9fd5befc86911426bb') in 0.0005722 seconds
Number of updated asset objects reloaded before import = 0Number of asset objects unloaded after import = 0

========================================================================
Received Import Request.
  Time since last request: 16.135664 seconds.
  path: Assets/Scripts/PlayerMovement.cs
  artifactKey: Guid(e5273cd41ac3c5246965ef9469d10dd7) Importer(815301076,1909f56bfc062723c751e8b465ee728b)
Start importing Assets/Scripts/PlayerMovement.cs using Guid(e5273cd41ac3c5246965ef9469d10dd7) Importer(815301076,1909f56bfc062723c751e8b465ee728b) (PreviewImporter) -> (artifact id: 'e9c40b608941ad9f26e07edc8189d9eb') in 0.0005853 seconds
Number of updated asset objects reloaded before import = 0Number of asset objects unloaded after import = 0

========================================================================
Received Import Request.
  Time since last request: 26.575558 seconds.
  path: Assets/Resources/BillingMode.json
  artifactKey: Guid(4c1b3f98782d65248a2698f3bf080b5d) Importer(815301076,1909f56bfc062723c751e8b465ee728b)
Start importing Assets/Resources/BillingMode.json using Guid(4c1b3f98782d65248a2698f3bf080b5d) Importer(815301076,1909f56bfc062723c751e8b465ee728b) (PreviewImporter) -> (artifact id: '66bb17cadaf5dca1082b90aa1c62b05f') in 0.0181361 seconds
Number of updated asset objects reloaded before import = 0Number of asset objects unloaded after import = 1

========================================================================
Received Import Request.
  Time since last request: 320.999397 seconds.
  path: Packages/com.unity.2d.tilemap/Editor/Unity.2D.Tilemap.Editor.asmdef
  artifactKey: Guid(3a9781db4804a9945b9883f3a7c46d45) Importer(815301076,1909f56bfc062723c751e8b465ee728b)
Start importing Packages/com.unity.2d.tilemap/Editor/Unity.2D.Tilemap.Editor.asmdef using Guid(3a9781db4804a9945b9883f3a7c46d45) Importer(815301076,1909f56bfc062723c751e8b465ee728b) (PreviewImporter) -> (artifact id: '5ed3b3e170d73a74c0d147754b332724') in 0.0006565 seconds
Number of updated asset objects reloaded before import = 0Number of asset objects unloaded after import = 0

========================================================================
Received Prepare
Begin MonoManager ReloadAssembly
Symbol file LoadedFromMemory is not a mono symbol file
- Loaded All Assemblies, in  0.607 seconds
Refreshing native plugins compatible for Editor in 3.06 ms, found 2 plugins.
Native extension for WindowsStandalone target not found
Native extension for WebGL target not found
Mono: successfully reloaded assembly
- Finished resetting the current domain, in  1.365 seconds
Domain Reload Profiling: 1972ms
	BeginReloadAssembly (200ms)
		ExecutionOrderSort (0ms)
		DisableScriptedObjects (7ms)
		BackupInstance (0ms)
		ReleaseScriptingObjects (0ms)
		CreateAndSetChildDomain (54ms)
	RebuildCommonClasses (41ms)
	RebuildNativeTypeToScriptingClass (17ms)
	initialDomainReloadingComplete (28ms)
	LoadAllAssembliesAndSetupDomain (320ms)
		LoadAssemblies (325ms)
		RebuildTransferFunctionScriptingTraits (0ms)
		AnalyzeDomain (99ms)
			TypeCache.Refresh (5ms)
				TypeCache.ScanAssembly (0ms)
			BuildScriptInfoCaches (88ms)
			ResolveRequiredComponents (3ms)
	FinalizeReload (1366ms)
		ReleaseScriptCaches (0ms)
		RebuildScriptCaches (0ms)
		SetupLoadedEditorAssemblies (997ms)
			LogAssemblyErrors (0ms)
			InitializePlatformSupportModulesInManaged (4ms)
			SetLoadedEditorAssemblies (5ms)
			BeforeProcessingInitializeOnLoad (55ms)
			ProcessInitializeOnLoadAttributes (703ms)
			ProcessInitializeOnLoadMethodAttributes (219ms)
			AfterProcessingInitializeOnLoad (11ms)
			EditorAssembliesLoaded (0ms)
		ExecutionOrderSort2 (0ms)
		AwakeInstancesAfterBackupRestoration (10ms)
Refreshing native plugins compatible for Editor in 4.92 ms, found 2 plugins.
Preloading 0 native plugins for Editor in 0.00 ms.
Unloading 1 Unused Serialized files (Serialized files now loaded: 0)
Unloading 2867 unused Assets / (0.9 MB). Loaded Objects now: 3456.
Memory consumption went from 104.0 MB to 103.1 MB.
Total: 16.327600 ms (FindLiveObjects: 0.560500 ms CreateObjectMapping: 0.639200 ms MarkObjects: 13.755500 ms  DeleteObjects: 1.370400 ms)

Prepare: number of updated asset objects reloaded= 0
========================================================================
Received Prepare
Begin MonoManager ReloadAssembly
Symbol file LoadedFromMemory is not a mono symbol file
- Loaded All Assemblies, in  0.577 seconds
Refreshing native plugins compatible for Editor in 2.86 ms, found 2 plugins.
Native extension for WindowsStandalone target not found
Native extension for WebGL target not found
Mono: successfully reloaded assembly
- Finished resetting the current domain, in  1.437 seconds
Domain Reload Profiling: 2014ms
	BeginReloadAssembly (196ms)
		ExecutionOrderSort (0ms)
		DisableScriptedObjects (7ms)
		BackupInstance (0ms)
		ReleaseScriptingObjects (0ms)
		CreateAndSetChildDomain (51ms)
	RebuildCommonClasses (33ms)
	RebuildNativeTypeToScriptingClass (12ms)
	initialDomainReloadingComplete (25ms)
	LoadAllAssembliesAndSetupDomain (311ms)
		LoadAssemblies (314ms)
		RebuildTransferFunctionScriptingTraits (0ms)
		AnalyzeDomain (99ms)
			TypeCache.Refresh (5ms)
				TypeCache.ScanAssembly (0ms)
			BuildScriptInfoCaches (89ms)
			ResolveRequiredComponents (3ms)
	FinalizeReload (1438ms)
		ReleaseScriptCaches (0ms)
		RebuildScriptCaches (0ms)
		SetupLoadedEditorAssemblies (1108ms)
			LogAssemblyErrors (0ms)
			InitializePlatformSupportModulesInManaged (4ms)
			SetLoadedEditorAssemblies (5ms)
			BeforeProcessingInitializeOnLoad (52ms)
			ProcessInitializeOnLoadAttributes (819ms)
			ProcessInitializeOnLoadMethodAttributes (218ms)
			AfterProcessingInitializeOnLoad (8ms)
			EditorAssembliesLoaded (0ms)
		ExecutionOrderSort2 (0ms)
		AwakeInstancesAfterBackupRestoration (9ms)
Refreshing native plugins compatible for Editor in 4.19 ms, found 2 plugins.
Preloading 0 native plugins for Editor in 0.00 ms.
Unloading 1 Unused Serialized files (Serialized files now loaded: 0)
Unloading 2867 unused Assets / (0.9 MB). Loaded Objects now: 3456.
Memory consumption went from 104.0 MB to 103.2 MB.
Total: 17.878200 ms (FindLiveObjects: 0.605600 ms CreateObjectMapping: 0.261200 ms MarkObjects: 15.795800 ms  DeleteObjects: 1.213500 ms)

Prepare: number of updated asset objects reloaded= 0
========================================================================
Received Import Request.
  Time since last request: 1190.087645 seconds.
  path: Assets/Scripts/PrefabWeapon.cs
  artifactKey: Guid(df60c8bec1b4a2e4c944bbabe45ce278) Importer(815301076,1909f56bfc062723c751e8b465ee728b)
Start importing Assets/Scripts/PrefabWeapon.cs using Guid(df60c8bec1b4a2e4c944bbabe45ce278) Importer(815301076,1909f56bfc062723c751e8b465ee728b) (PreviewImporter) -> (artifact id: '94fab958bee3c608a611afa67c551470') in 0.0031341 seconds
Number of updated asset objects reloaded before import = 0Number of asset objects unloaded after import = 0

========================================================================
Received Import Request.
  Time since last request: 1.196605 seconds.
  path: Assets/Scripts/RayCastWeapon.cs
  artifactKey: Guid(c9f2e3da3d0d1de4491739e280d1ce7e) Importer(815301076,1909f56bfc062723c751e8b465ee728b)
Start importing Assets/Scripts/RayCastWeapon.cs using Guid(c9f2e3da3d0d1de4491739e280d1ce7e) Importer(815301076,1909f56bfc062723c751e8b465ee728b) (PreviewImporter) -> (artifact id: '747c4dbd832e2e2dd79ac48d77f9d47b') in 0.0006307 seconds
Number of updated asset objects reloaded before import = 0Number of asset objects unloaded after import = 0

========================================================================
Received Import Request.
  Time since last request: 10.707997 seconds.
  path: Assets/Scripts/Bullet.cs
  artifactKey: Guid(a4dba9a95fe7cd840b78c881a376ced9) Importer(815301076,1909f56bfc062723c751e8b465ee728b)
Start importing Assets/Scripts/Bullet.cs using Guid(a4dba9a95fe7cd840b78c881a376ced9) Importer(815301076,1909f56bfc062723c751e8b465ee728b) (PreviewImporter) -> (artifact id: 'c6c6aac1ed470cab10823948a441dc57') in 0.0005496 seconds
Number of updated asset objects reloaded before import = 0Number of asset objects unloaded after import = 0

========================================================================
Received Import Request.
  Time since last request: 25.915610 seconds.
  path: Assets/Warped Caves/Artwork/Sprites/enemies/crab-idle
  artifactKey: Guid(006ca23daa01c4adaa18971bfc839b0d) Importer(815301076,1909f56bfc062723c751e8b465ee728b)
Start importing Assets/Warped Caves/Artwork/Sprites/enemies/crab-idle using Guid(006ca23daa01c4adaa18971bfc839b0d) Importer(815301076,1909f56bfc062723c751e8b465ee728b) (PreviewImporter) -> (artifact id: 'df491c5977537a0ccc659fec34b9b82b') in 0.0006368 seconds
Number of updated asset objects reloaded before import = 0Number of asset objects unloaded after import = 0

========================================================================
Received Import Request.
  Time since last request: 0.824672 seconds.
  path: Assets/Warped Caves/Artwork/Sprites/enemies/crab-walk
  artifactKey: Guid(1ff966d538b2f41958722406724c0067) Importer(815301076,1909f56bfc062723c751e8b465ee728b)
Start importing Assets/Warped Caves/Artwork/Sprites/enemies/crab-walk using Guid(1ff966d538b2f41958722406724c0067) Importer(815301076,1909f56bfc062723c751e8b465ee728b) (PreviewImporter) -> (artifact id: 'cb81589451cda131885eeee070b4e77c') in 0.0005907 seconds
Number of updated asset objects reloaded before import = 0Number of asset objects unloaded after import = 0

========================================================================
Received Prepare
Begin MonoManager ReloadAssembly
Symbol file LoadedFromMemory is not a mono symbol file
- Loaded All Assemblies, in  0.671 seconds
Refreshing native plugins compatible for Editor in 2.77 ms, found 2 plugins.
Native extension for WindowsStandalone target not found
Native extension for WebGL target not found
Mono: successfully reloaded assembly
- Finished resetting the current domain, in  1.165 seconds
Domain Reload Profiling: 1835ms
	BeginReloadAssembly (230ms)
		ExecutionOrderSort (0ms)
		DisableScriptedObjects (6ms)
		BackupInstance (0ms)
		ReleaseScriptingObjects (0ms)
		CreateAndSetChildDomain (60ms)
	RebuildCommonClasses (40ms)
	RebuildNativeTypeToScriptingClass (12ms)
	initialDomainReloadingComplete (27ms)
	LoadAllAssembliesAndSetupDomain (360ms)
		LoadAssemblies (380ms)
		RebuildTransferFunctionScriptingTraits (0ms)
		AnalyzeDomain (108ms)
			TypeCache.Refresh (6ms)
				TypeCache.ScanAssembly (0ms)
			BuildScriptInfoCaches (96ms)
			ResolveRequiredComponents (3ms)
	FinalizeReload (1166ms)
		ReleaseScriptCaches (0ms)
		RebuildScriptCaches (0ms)
		SetupLoadedEditorAssemblies (909ms)
			LogAssemblyErrors (0ms)
			InitializePlatformSupportModulesInManaged (3ms)
			SetLoadedEditorAssemblies (5ms)
			BeforeProcessingInitializeOnLoad (46ms)
			ProcessInitializeOnLoadAttributes (662ms)
			ProcessInitializeOnLoadMethodAttributes (184ms)
			AfterProcessingInitializeOnLoad (10ms)
			EditorAssembliesLoaded (1ms)
		ExecutionOrderSort2 (0ms)
		AwakeInstancesAfterBackupRestoration (8ms)
Refreshing native plugins compatible for Editor in 3.12 ms, found 2 plugins.
Preloading 0 native plugins for Editor in 0.00 ms.
Unloading 1 Unused Serialized files (Serialized files now loaded: 0)
Unloading 2867 unused Assets / (0.9 MB). Loaded Objects now: 3456.
Memory consumption went from 104.0 MB to 103.1 MB.
Total: 12.820300 ms (FindLiveObjects: 0.359000 ms CreateObjectMapping: 0.189700 ms MarkObjects: 11.049600 ms  DeleteObjects: 1.219800 ms)

Prepare: number of updated asset objects reloaded= 0
========================================================================
Received Prepare
Begin MonoManager ReloadAssembly
Symbol file LoadedFromMemory is not a mono symbol file
- Loaded All Assemblies, in  0.581 seconds
Refreshing native plugins compatible for Editor in 2.82 ms, found 2 plugins.
Native extension for WindowsStandalone target not found
Native extension for WebGL target not found
Mono: successfully reloaded assembly
- Finished resetting the current domain, in  1.098 seconds
Domain Reload Profiling: 1679ms
	BeginReloadAssembly (212ms)
		ExecutionOrderSort (0ms)
		DisableScriptedObjects (6ms)
		BackupInstance (0ms)
		ReleaseScriptingObjects (0ms)
		CreateAndSetChildDomain (66ms)
	RebuildCommonClasses (43ms)
	RebuildNativeTypeToScriptingClass (12ms)
	initialDomainReloadingComplete (25ms)
	LoadAllAssembliesAndSetupDomain (287ms)
		LoadAssemblies (295ms)
		RebuildTransferFunctionScriptingTraits (0ms)
		AnalyzeDomain (97ms)
			TypeCache.Refresh (5ms)
				TypeCache.ScanAssembly (0ms)
			BuildScriptInfoCaches (86ms)
			ResolveRequiredComponents (3ms)
	FinalizeReload (1099ms)
		ReleaseScriptCaches (0ms)
		RebuildScriptCaches (0ms)
		SetupLoadedEditorAssemblies (847ms)
			LogAssemblyErrors (0ms)
			InitializePlatformSupportModulesInManaged (3ms)
			SetLoadedEditorAssemblies (4ms)
			BeforeProcessingInitializeOnLoad (44ms)
			ProcessInitializeOnLoadAttributes (598ms)
			ProcessInitializeOnLoadMethodAttributes (187ms)
			AfterProcessingInitializeOnLoad (10ms)
			EditorAssembliesLoaded (0ms)
		ExecutionOrderSort2 (0ms)
		AwakeInstancesAfterBackupRestoration (9ms)
Refreshing native plugins compatible for Editor in 5.66 ms, found 2 plugins.
Preloading 0 native plugins for Editor in 0.00 ms.
Unloading 1 Unused Serialized files (Serialized files now loaded: 0)
Unloading 2867 unused Assets / (1.0 MB). Loaded Objects now: 3456.
Memory consumption went from 104.0 MB to 103.0 MB.
Total: 17.261000 ms (FindLiveObjects: 0.758700 ms CreateObjectMapping: 0.473100 ms MarkObjects: 14.324300 ms  DeleteObjects: 1.702200 ms)

Prepare: number of updated asset objects reloaded= 0
========================================================================
Received Prepare
Begin MonoManager ReloadAssembly
Symbol file LoadedFromMemory is not a mono symbol file
- Loaded All Assemblies, in  0.588 seconds
Refreshing native plugins compatible for Editor in 2.65 ms, found 2 plugins.
Native extension for WindowsStandalone target not found
Native extension for WebGL target not found
Mono: successfully reloaded assembly
- Finished resetting the current domain, in  1.090 seconds
Domain Reload Profiling: 1677ms
	BeginReloadAssembly (209ms)
		ExecutionOrderSort (0ms)
		DisableScriptedObjects (7ms)
		BackupInstance (0ms)
		ReleaseScriptingObjects (0ms)
		CreateAndSetChildDomain (60ms)
	RebuildCommonClasses (44ms)
	RebuildNativeTypeToScriptingClass (18ms)
	initialDomainReloadingComplete (26ms)
	LoadAllAssembliesAndSetupDomain (290ms)
		LoadAssemblies (296ms)
		RebuildTransferFunctionScriptingTraits (0ms)
		AnalyzeDomain (96ms)
			TypeCache.Refresh (5ms)
				TypeCache.ScanAssembly (0ms)
			BuildScriptInfoCaches (85ms)
			ResolveRequiredComponents (4ms)
	FinalizeReload (1090ms)
		ReleaseScriptCaches (0ms)
		RebuildScriptCaches (0ms)
		SetupLoadedEditorAssemblies (814ms)
			LogAssemblyErrors (0ms)
			InitializePlatformSupportModulesInManaged (3ms)
			SetLoadedEditorAssemblies (4ms)
			BeforeProcessingInitializeOnLoad (45ms)
			ProcessInitializeOnLoadAttributes (587ms)
			ProcessInitializeOnLoadMethodAttributes (165ms)
			AfterProcessingInitializeOnLoad (9ms)
			EditorAssembliesLoaded (0ms)
		ExecutionOrderSort2 (0ms)
		AwakeInstancesAfterBackupRestoration (8ms)
Refreshing native plugins compatible for Editor in 4.08 ms, found 2 plugins.
Preloading 0 native plugins for Editor in 0.00 ms.
Unloading 1 Unused Serialized files (Serialized files now loaded: 0)
Unloading 2867 unused Assets / (0.9 MB). Loaded Objects now: 3456.
Memory consumption went from 104.0 MB to 103.1 MB.
Total: 15.041800 ms (FindLiveObjects: 0.442900 ms CreateObjectMapping: 0.406900 ms MarkObjects: 12.572200 ms  DeleteObjects: 1.617100 ms)

Prepare: number of updated asset objects reloaded= 0
========================================================================
Received Prepare
Begin MonoManager ReloadAssembly
Symbol file LoadedFromMemory is not a mono symbol file
- Loaded All Assemblies, in  0.575 seconds
Refreshing native plugins compatible for Editor in 4.46 ms, found 2 plugins.
Native extension for WindowsStandalone target not found
Native extension for WebGL target not found
Mono: successfully reloaded assembly
- Finished resetting the current domain, in  1.152 seconds
Domain Reload Profiling: 1727ms
	BeginReloadAssembly (197ms)
		ExecutionOrderSort (0ms)
		DisableScriptedObjects (9ms)
		BackupInstance (0ms)
		ReleaseScriptingObjects (0ms)
		CreateAndSetChildDomain (54ms)
	RebuildCommonClasses (35ms)
	RebuildNativeTypeToScriptingClass (11ms)
	initialDomainReloadingComplete (27ms)
	LoadAllAssembliesAndSetupDomain (303ms)
		LoadAssemblies (290ms)
		RebuildTransferFunctionScriptingTraits (0ms)
		AnalyzeDomain (111ms)
			TypeCache.Refresh (5ms)
				TypeCache.ScanAssembly (0ms)
			BuildScriptInfoCaches (100ms)
			ResolveRequiredComponents (3ms)
	FinalizeReload (1153ms)
		ReleaseScriptCaches (0ms)
		RebuildScriptCaches (0ms)
		SetupLoadedEditorAssemblies (893ms)
			LogAssemblyErrors (0ms)
			InitializePlatformSupportModulesInManaged (3ms)
			SetLoadedEditorAssemblies (4ms)
			BeforeProcessingInitializeOnLoad (56ms)
			ProcessInitializeOnLoadAttributes (622ms)
			ProcessInitializeOnLoadMethodAttributes (198ms)
			AfterProcessingInitializeOnLoad (9ms)
			EditorAssembliesLoaded (0ms)
		ExecutionOrderSort2 (0ms)
		AwakeInstancesAfterBackupRestoration (8ms)
Refreshing native plugins compatible for Editor in 3.21 ms, found 2 plugins.
Preloading 0 native plugins for Editor in 0.00 ms.
Unloading 1 Unused Serialized files (Serialized files now loaded: 0)
Unloading 2867 unused Assets / (0.8 MB). Loaded Objects now: 3456.
Memory consumption went from 104.0 MB to 103.2 MB.
Total: 12.043900 ms (FindLiveObjects: 0.351200 ms CreateObjectMapping: 0.390600 ms MarkObjects: 10.399100 ms  DeleteObjects: 0.901700 ms)

Prepare: number of updated asset objects reloaded= 0
========================================================================
Received Import Request.
  Time since last request: 417.623086 seconds.
  path: Assets/Warped Caves/Artwork/Sprites/player/player-run-shot/player-run-shot-1.png
  artifactKey: Guid(d58fce37e5779432a92326f97452781b) Importer(815301076,1909f56bfc062723c751e8b465ee728b)
Start importing Assets/Warped Caves/Artwork/Sprites/player/player-run-shot/player-run-shot-1.png using Guid(d58fce37e5779432a92326f97452781b) Importer(815301076,1909f56bfc062723c751e8b465ee728b) (PreviewImporter) -> (artifact id: '78fe26d2d7670ff49f196b02a1caa2a2') in 0.1220046 seconds
Number of updated asset objects reloaded before import = 0Number of asset objects unloaded after import = 3

========================================================================
Received Import Request.
  Time since last request: 0.000021 seconds.
  path: Assets/Warped Caves/Artwork/Sprites/Fx/shot/shot-2.png
  artifactKey: Guid(f4e17262a295e454a82ad31f72df4882) Importer(815301076,1909f56bfc062723c751e8b465ee728b)
Start importing Assets/Warped Caves/Artwork/Sprites/Fx/shot/shot-2.png using Guid(f4e17262a295e454a82ad31f72df4882) Importer(815301076,1909f56bfc062723c751e8b465ee728b) (PreviewImporter) -> (artifact id: '95147cc599e178dd5fbf4b4bdd44e434') in 0.0207082 seconds
Number of updated asset objects reloaded before import = 0Number of asset objects unloaded after import = 3

========================================================================
Received Import Request.
  Time since last request: 0.000035 seconds.
  path: Assets/Warped Caves/Artwork/Sprites/player/player-run-shot/player-run-shot-4.png
  artifactKey: Guid(59f8d8688571a49e7960cacae9fb3d07) Importer(815301076,1909f56bfc062723c751e8b465ee728b)
Start importing Assets/Warped Caves/Artwork/Sprites/player/player-run-shot/player-run-shot-4.png using Guid(59f8d8688571a49e7960cacae9fb3d07) Importer(815301076,1909f56bfc062723c751e8b465ee728b) (PreviewImporter) -> (artifact id: '0ed3f000b8872e745f48c178ebb0a5da') in 0.023355 seconds
Number of updated asset objects reloaded before import = 0Number of asset objects unloaded after import = 3

========================================================================
Received Import Request.
  Time since last request: 0.000029 seconds.
  path: Assets/Warped Caves/Artwork/Sprites/player/player-run-shot/player-run-shot-6.png
  artifactKey: Guid(148af4355a9534c88b4d88fd3a1c581f) Importer(815301076,1909f56bfc062723c751e8b465ee728b)
Start importing Assets/Warped Caves/Artwork/Sprites/player/player-run-shot/player-run-shot-6.png using Guid(148af4355a9534c88b4d88fd3a1c581f) Importer(815301076,1909f56bfc062723c751e8b465ee728b) (PreviewImporter) -> (artifact id: 'f0e0efa7541a407bb23b9898e8d947ee') in 0.0187649 seconds
Number of updated asset objects reloaded before import = 0Number of asset objects unloaded after import = 3

========================================================================
Received Import Request.
  Time since last request: 0.000029 seconds.
  path: Assets/Warped Caves/Artwork/Environment/Props/stone-head.png
  artifactKey: Guid(9d8e964dd7ceb466c87030d97a40e214) Importer(815301076,1909f56bfc062723c751e8b465ee728b)
Start importing Assets/Warped Caves/Artwork/Environment/Props/stone-head.png using Guid(9d8e964dd7ceb466c87030d97a40e214) Importer(815301076,1909f56bfc062723c751e8b465ee728b) (PreviewImporter) -> (artifact id: '6082a105280cd4e5284e6792dabc3a5d') in 0.0179857 seconds
Number of updated asset objects reloaded before import = 0Number of asset objects unloaded after import = 3

========================================================================
Received Import Request.
  Time since last request: 0.000023 seconds.
  path: Assets/Warped Caves/Artwork/Sprites/player/player-run-shot/player-run-shot-9.png
  artifactKey: Guid(0d48d2d6d338846c682bddd0f13e6093) Importer(815301076,1909f56bfc062723c751e8b465ee728b)
Start importing Assets/Warped Caves/Artwork/Sprites/player/player-run-shot/player-run-shot-9.png using Guid(0d48d2d6d338846c682bddd0f13e6093) Importer(815301076,1909f56bfc062723c751e8b465ee728b) (PreviewImporter) -> (artifact id: '1ea9633a31d2166a47b4124167f3b1d8') in 0.0162857 seconds
Number of updated asset objects reloaded before import = 0Number of asset objects unloaded after import = 3

========================================================================
Received Import Request.
  Time since last request: 0.000025 seconds.
  path: Assets/Warped Caves/Artwork/Sprites/Fx/power-up/power-up-7.png
  artifactKey: Guid(34d9bbfbb5f6f4019a2dcca124369c08) Importer(815301076,1909f56bfc062723c751e8b465ee728b)
Start importing Assets/Warped Caves/Artwork/Sprites/Fx/power-up/power-up-7.png using Guid(34d9bbfbb5f6f4019a2dcca124369c08) Importer(815301076,1909f56bfc062723c751e8b465ee728b) (PreviewImporter) -> (artifact id: '016e15063dcf307be10c05f4b9e04b52') in 0.0197904 seconds
Number of updated asset objects reloaded before import = 0Number of asset objects unloaded after import = 3

========================================================================
Received Import Request.
  Time since last request: 0.000069 seconds.
  path: Assets/Warped Caves/Artwork/Sprites/Fx/power-up/power-up-5.png
  artifactKey: Guid(ff0f00d62296b4ccd897f34343a2396e) Importer(815301076,1909f56bfc062723c751e8b465ee728b)
Start importing Assets/Warped Caves/Artwork/Sprites/Fx/power-up/power-up-5.png using Guid(ff0f00d62296b4ccd897f34343a2396e) Importer(815301076,1909f56bfc062723c751e8b465ee728b) (PreviewImporter) -> (artifact id: '20c724c43880f6a5b0a96ec984e65408') in 0.0172468 seconds
Number of updated asset objects reloaded before import = 0Number of asset objects unloaded after import = 3

========================================================================
Received Import Request.
  Time since last request: 0.000021 seconds.
  path: Assets/Warped Caves/Artwork/Sprites/Fx/power-up/power-up-6.png
  artifactKey: Guid(41a183b49e26d4c40a29deca2813de1d) Importer(815301076,1909f56bfc062723c751e8b465ee728b)
Start importing Assets/Warped Caves/Artwork/Sprites/Fx/power-up/power-up-6.png using Guid(41a183b49e26d4c40a29deca2813de1d) Importer(815301076,1909f56bfc062723c751e8b465ee728b) (PreviewImporter) -> (artifact id: '17722c27a5ac141fc3e14268799450a4') in 0.0134429 seconds
Number of updated asset objects reloaded before import = 0Number of asset objects unloaded after import = 3

========================================================================
Received Import Request.
  Time since last request: 0.000022 seconds.
  path: Assets/Warped Caves/Artwork/Environment/Props/stalactite.png
  artifactKey: Guid(64eebde81b28b4bf09d486851692948b) Importer(815301076,1909f56bfc062723c751e8b465ee728b)
Start importing Assets/Warped Caves/Artwork/Environment/Props/stalactite.png using Guid(64eebde81b28b4bf09d486851692948b) Importer(815301076,1909f56bfc062723c751e8b465ee728b) (PreviewImporter) -> (artifact id: '27b3d7476ad51712eb619c42f44ee7c8') in 0.0198768 seconds
Number of updated asset objects reloaded before import = 0Number of asset objects unloaded after import = 3

========================================================================
Received Import Request.
  Time since last request: 0.000028 seconds.
  path: Assets/Warped Caves/Artwork/Sprites/player/player-run-shot/player-run-shot-5.png
  artifactKey: Guid(1eda49e1b9a8b4ffbb676448f1df546b) Importer(815301076,1909f56bfc062723c751e8b465ee728b)
Start importing Assets/Warped Caves/Artwork/Sprites/player/player-run-shot/player-run-shot-5.png using Guid(1eda49e1b9a8b4ffbb676448f1df546b) Importer(815301076,1909f56bfc062723c751e8b465ee728b) (PreviewImporter) -> (artifact id: '7395945e05e0d1a67bf2b5e1af94060a') in 0.0147207 seconds
Number of updated asset objects reloaded before import = 0Number of asset objects unloaded after import = 3

========================================================================
Received Import Request.
  Time since last request: 0.000021 seconds.
  path: Assets/Warped Caves/Artwork/Sprites/Fx/power-up/power-up-2.png
  artifactKey: Guid(a8a7141849b504fdf918e543db616a5d) Importer(815301076,1909f56bfc062723c751e8b465ee728b)
Start importing Assets/Warped Caves/Artwork/Sprites/Fx/power-up/power-up-2.png using Guid(a8a7141849b504fdf918e543db616a5d) Importer(815301076,1909f56bfc062723c751e8b465ee728b) (PreviewImporter) -> (artifact id: '526290091c61b18096691f7bd50349ab') in 0.0175257 seconds
Number of updated asset objects reloaded before import = 0Number of asset objects unloaded after import = 3

========================================================================
Received Import Request.
  Time since last request: 0.000019 seconds.
  path: Assets/Warped Caves/Artwork/Sprites/Fx/power-up/power-up-3.png
  artifactKey: Guid(b03dabad999f440ab90c1ec5656b17c3) Importer(815301076,1909f56bfc062723c751e8b465ee728b)
Start importing Assets/Warped Caves/Artwork/Sprites/Fx/power-up/power-up-3.png using Guid(b03dabad999f440ab90c1ec5656b17c3) Importer(815301076,1909f56bfc062723c751e8b465ee728b) (PreviewImporter) -> (artifact id: '050f6c4a7970da0f823d33db14d492ff') in 0.0156433 seconds
Number of updated asset objects reloaded before import = 0Number of asset objects unloaded after import = 3

Editor requested this worker to shutdown with reason: Scaling down because of idle timeout
AssetImportWorker is now disconnected from the server
Process exiting
Exiting without the bug reporter. Application will terminate with return code 0